Test started at: 2024-09-26_19-25-31
2024-09-26_19-25-31test_function_multiple_times (__main__.TestNumberDetection) ... 
======================================================================
FAIL: test_function_multiple_times (__main__.TestNumberDetection) (imgFile='12.5(2).jpg', imgExpected='12.5')
----------------------------------------------------------------------
Traceback (most recent call last):
  File "/Users/school/Ecclair/PCR_Automation/computer_vision/number_detection/test-number-detection.py", line 26, in test_function_multiple_times
    self.assertEqual(result,imgExpected,
AssertionError: '12605' != '12.5'
- 12605
+ 12.5
 : 12.5(2).jpg FAILED! RESULT: 12605 EXPECTED: 12.5

======================================================================
FAIL: test_function_multiple_times (__main__.TestNumberDetection) (imgFile='07.5(6).jpg', imgExpected='07.5')
----------------------------------------------------------------------
Traceback (most recent call last):
  File "/Users/school/Ecclair/PCR_Automation/computer_vision/number_detection/test-number-detection.py", line 26, in test_function_multiple_times
    self.assertEqual(result,imgExpected,
AssertionError: '' != '07.5'
+ 07.5 : 07.5(6).jpg FAILED! RESULT:  EXPECTED: 07.5

======================================================================
FAIL: test_function_multiple_times (__main__.TestNumberDetection) (imgFile='07.5.jpg', imgExpected='07.5')
----------------------------------------------------------------------
Traceback (most recent call last):
  File "/Users/school/Ecclair/PCR_Automation/computer_vision/number_detection/test-number-detection.py", line 26, in test_function_multiple_times
    self.assertEqual(result,imgExpected,
AssertionError: '7' != '07.5'
- 7
+ 07.5
 : 07.5.jpg FAILED! RESULT: 7 EXPECTED: 07.5

======================================================================
FAIL: test_function_multiple_times (__main__.TestNumberDetection) (imgFile='11.0(2).jpg', imgExpected='11.0')
----------------------------------------------------------------------
Traceback (most recent call last):
  File "/Users/school/Ecclair/PCR_Automation/computer_vision/number_detection/test-number-detection.py", line 26, in test_function_multiple_times
    self.assertEqual(result,imgExpected,
AssertionError: '130' != '11.0'
- 130
+ 11.0
 : 11.0(2).jpg FAILED! RESULT: 130 EXPECTED: 11.0

======================================================================
FAIL: test_function_multiple_times (__main__.TestNumberDetection) (imgFile='15.5(2).jpg', imgExpected='15.5')
----------------------------------------------------------------------
Traceback (most recent call last):
  File "/Users/school/Ecclair/PCR_Automation/computer_vision/number_detection/test-number-detection.py", line 26, in test_function_multiple_times
    self.assertEqual(result,imgExpected,
AssertionError: '155' != '15.5'
- 155
+ 15.5
?   +
 : 15.5(2).jpg FAILED! RESULT: 155 EXPECTED: 15.5

======================================================================
FAIL: test_function_multiple_times (__main__.TestNumberDetection) (imgFile='14.5.jpg', imgExpected='14.5')
----------------------------------------------------------------------
Traceback (most recent call last):
  File "/Users/school/Ecclair/PCR_Automation/computer_vision/number_detection/test-number-detection.py", line 26, in test_function_multiple_times
    self.assertEqual(result,imgExpected,
AssertionError: '145' != '14.5'
- 145
+ 14.5
?   +
 : 14.5.jpg FAILED! RESULT: 145 EXPECTED: 14.5

======================================================================
FAIL: test_function_multiple_times (__main__.TestNumberDetection) (imgFile='09.0.jpg', imgExpected='09.0')
----------------------------------------------------------------------
Traceback (most recent call last):
  File "/Users/school/Ecclair/PCR_Automation/computer_vision/number_detection/test-number-detection.py", line 26, in test_function_multiple_times
    self.assertEqual(result,imgExpected,
AssertionError: '' != '09.0'
+ 09.0 : 09.0.jpg FAILED! RESULT:  EXPECTED: 09.0

======================================================================
FAIL: test_function_multiple_times (__main__.TestNumberDetection) (imgFile='07.5(2).jpg', imgExpected='07.5')
----------------------------------------------------------------------
Traceback (most recent call last):
  File "/Users/school/Ecclair/PCR_Automation/computer_vision/number_detection/test-number-detection.py", line 26, in test_function_multiple_times
    self.assertEqual(result,imgExpected,
AssertionError: '7' != '07.5'
- 7
+ 07.5
 : 07.5(2).jpg FAILED! RESULT: 7 EXPECTED: 07.5

======================================================================
FAIL: test_function_multiple_times (__main__.TestNumberDetection) (imgFile='09.0(3).jpg', imgExpected='09.0')
----------------------------------------------------------------------
Traceback (most recent call last):
  File "/Users/school/Ecclair/PCR_Automation/computer_vision/number_detection/test-number-detection.py", line 26, in test_function_multiple_times
    self.assertEqual(result,imgExpected,
AssertionError: '00' != '09.0'
- 00
+ 09.0
?  ++
 : 09.0(3).jpg FAILED! RESULT: 00 EXPECTED: 09.0

======================================================================
FAIL: test_function_multiple_times (__main__.TestNumberDetection) (imgFile='10.5(2).jpg', imgExpected='10.5')
----------------------------------------------------------------------
Traceback (most recent call last):
  File "/Users/school/Ecclair/PCR_Automation/computer_vision/number_detection/test-number-detection.py", line 26, in test_function_multiple_times
    self.assertEqual(result,imgExpected,
AssertionError: '0' != '10.5'
- 0
+ 10.5
 : 10.5(2).jpg FAILED! RESULT: 0 EXPECTED: 10.5

======================================================================
FAIL: test_function_multiple_times (__main__.TestNumberDetection) (imgFile='12.5.jpg', imgExpected='12.5')
----------------------------------------------------------------------
Traceback (most recent call last):
  File "/Users/school/Ecclair/PCR_Automation/computer_vision/number_detection/test-number-detection.py", line 26, in test_function_multiple_times
    self.assertEqual(result,imgExpected,
AssertionError: '1205' != '12.5'
- 1205
?   ^
+ 12.5
?   ^
 : 12.5.jpg FAILED! RESULT: 1205 EXPECTED: 12.5

======================================================================
FAIL: test_function_multiple_times (__main__.TestNumberDetection) (imgFile='08.0(2).png', imgExpected='08.0')
----------------------------------------------------------------------
Traceback (most recent call last):
  File "/Users/school/Ecclair/PCR_Automation/computer_vision/number_detection/test-number-detection.py", line 26, in test_function_multiple_times
    self.assertEqual(result,imgExpected,
AssertionError: '6' != '08.0'
- 6
+ 08.0
 : 08.0(2).png FAILED! RESULT: 6 EXPECTED: 08.0

======================================================================
FAIL: test_function_multiple_times (__main__.TestNumberDetection) (imgFile='09.0(2).jpg', imgExpected='09.0')
----------------------------------------------------------------------
Traceback (most recent call last):
  File "/Users/school/Ecclair/PCR_Automation/computer_vision/number_detection/test-number-detection.py", line 26, in test_function_multiple_times
    self.assertEqual(result,imgExpected,
AssertionError: '' != '09.0'
+ 09.0 : 09.0(2).jpg FAILED! RESULT:  EXPECTED: 09.0

======================================================================
FAIL: test_function_multiple_times (__main__.TestNumberDetection) (imgFile='10.5.jpg', imgExpected='10.5')
----------------------------------------------------------------------
Traceback (most recent call last):
  File "/Users/school/Ecclair/PCR_Automation/computer_vision/number_detection/test-number-detection.py", line 26, in test_function_multiple_times
    self.assertEqual(result,imgExpected,
AssertionError: '0' != '10.5'
- 0
+ 10.5
 : 10.5.jpg FAILED! RESULT: 0 EXPECTED: 10.5

======================================================================
FAIL: test_function_multiple_times (__main__.TestNumberDetection) (imgFile='07.5(3).jpg', imgExpected='07.5')
----------------------------------------------------------------------
Traceback (most recent call last):
  File "/Users/school/Ecclair/PCR_Automation/computer_vision/number_detection/test-number-detection.py", line 26, in test_function_multiple_times
    self.assertEqual(result,imgExpected,
AssertionError: '' != '07.5'
+ 07.5 : 07.5(3).jpg FAILED! RESULT:  EXPECTED: 07.5

======================================================================
FAIL: test_function_multiple_times (__main__.TestNumberDetection) (imgFile='15.5.jpg', imgExpected='15.5')
----------------------------------------------------------------------
Traceback (most recent call last):
  File "/Users/school/Ecclair/PCR_Automation/computer_vision/number_detection/test-number-detection.py", line 26, in test_function_multiple_times
    self.assertEqual(result,imgExpected,
AssertionError: '155' != '15.5'
- 155
+ 15.5
?   +
 : 15.5.jpg FAILED! RESULT: 155 EXPECTED: 15.5

======================================================================
FAIL: test_function_multiple_times (__main__.TestNumberDetection) (imgFile='07.5(4).jpg', imgExpected='07.5')
----------------------------------------------------------------------
Traceback (most recent call last):
  File "/Users/school/Ecclair/PCR_Automation/computer_vision/number_detection/test-number-detection.py", line 26, in test_function_multiple_times
    self.assertEqual(result,imgExpected,
AssertionError: '2' != '07.5'
- 2
+ 07.5
 : 07.5(4).jpg FAILED! RESULT: 2 EXPECTED: 07.5

======================================================================
FAIL: test_function_multiple_times (__main__.TestNumberDetection) (imgFile='08.0.png', imgExpected='08.0')
----------------------------------------------------------------------
Traceback (most recent call last):
  File "/Users/school/Ecclair/PCR_Automation/computer_vision/number_detection/test-number-detection.py", line 26, in test_function_multiple_times
    self.assertEqual(result,imgExpected,
AssertionError: '4' != '08.0'
- 4
+ 08.0
 : 08.0.png FAILED! RESULT: 4 EXPECTED: 08.0

======================================================================
FAIL: test_function_multiple_times (__main__.TestNumberDetection) (imgFile='11.0.jpg', imgExpected='11.0')
----------------------------------------------------------------------
Traceback (most recent call last):
  File "/Users/school/Ecclair/PCR_Automation/computer_vision/number_detection/test-number-detection.py", line 26, in test_function_multiple_times
    self.assertEqual(result,imgExpected,
AssertionError: '130' != '11.0'
- 130
+ 11.0
 : 11.0.jpg FAILED! RESULT: 130 EXPECTED: 11.0

======================================================================
FAIL: test_function_multiple_times (__main__.TestNumberDetection) (imgFile='07.5(5).jpg', imgExpected='07.5')
----------------------------------------------------------------------
Traceback (most recent call last):
  File "/Users/school/Ecclair/PCR_Automation/computer_vision/number_detection/test-number-detection.py", line 26, in test_function_multiple_times
    self.assertEqual(result,imgExpected,
AssertionError: '7' != '07.5'
- 7
+ 07.5
 : 07.5(5).jpg FAILED! RESULT: 7 EXPECTED: 07.5

----------------------------------------------------------------------
Ran 1 test in 3.936s

FAILED (failures=20)
